<?xml version="1.0" encoding="UTF-8"?>
<!-- Generated by org.testng.reporters.JUnitReportReporter -->
<testsuite hostname="Asha" failures="0" tests="1" name="gov.uk.check.visa.testsuite.VisaConfirmationTest" time="2.879" errors="0" timestamp="2023-12-12T13:11:38 GMT" skipped="0">
  <testcase classname="gov.uk.check.visa.testsuite.VisaConfirmationTest" name="anAustralianComingToUKForTourism" time="2.879"/>
</testsuite> <!-- gov.uk.check.visa.testsuite.VisaConfirmationTest -->
